============================= test session starts =============================
platform win32 -- Python 3.14.6, pytest-8.4.2, pluggy-1.6.0
rootdir: C:\Users\mahdi\Projects\telegram_scraper
configfile: pytest.ini
plugins: anyio-4.14.2, cov-5.0.0
collected 11 items

ai\tests\test_investigation_pipeline.py .F.....                          [ 63%]
ai\tests\test_entity_dedupe.py ....                                      [100%]

================================== FAILURES ===================================
_______________________ test_classify_analyze_behavior ________________________
ai\tests\test_investigation_pipeline.py:20: in test_classify_analyze_behavior
    assert intent.key == "analyze_behavior"
E   AssertionError: assert 'investigate_user' == 'analyze_behavior'
E     
E     - analyze_behavior
E     + investigate_user
=========================== short test summary info ===========================
FAILED ai/tests/test_investigation_pipeline.py::test_classify_analyze_behavior
======================== 1 failed, 10 passed in 0.36s =========================
PYTEST_EXIT=1
